2014-02-28 00:57:30.825 Workshop[40041:80b] Multi-tasking -> Device: YES, App: YES
2014-02-28 00:57:31.037 Workshop[40041:80b] Unlimited access to network resources
2014-02-28 00:57:33.508 Workshop[40041:80b] Resetting plugins due to page load.
2014-02-28 00:57:34.436 Workshop[40041:80b] Finished load of: file:///Users/dvilchez/Library/Application%20Support/iPhone%20Simulator/7.0.3/Applications/4E2C7B4A-B011-47EB-B481-DA1C26A2BA6E/Workshop.app/www/index.html
2014-02-28 01:31:27.296 Workshop[40596:80b] Multi-tasking -> Device: YES, App: YES
2014-02-28 01:31:27.316 Workshop[40596:80b] Unlimited access to network resources
2014-02-28 01:31:27.626 Workshop[40596:80b] Resetting plugins due to page load.
2014-02-28 01:31:27.890 Workshop[40596:80b] Finished load of: file:///Users/dvilchez/Library/Application%20Support/iPhone%20Simulator/7.0.3/Applications/4E2C7B4A-B011-47EB-B481-DA1C26A2BA6E/Workshop.app/www/index.html
2014-02-28 01:31:47.287 Workshop[40596:80b] THREAD WARNING: ['Notification'] took '18.836182' ms. Plugin should use a background thread.
2014-02-28 01:31:47.305 Workshop[40596:80b] sustituye windows alert
2014-02-28 01:38:53.688 Workshop[40596:80b] sustituye windows alert
2014-02-28 01:38:57.141 Workshop[40596:80b] sustituye windows alert
2014-02-28 01:40:03.348 Workshop[40596:80b] sustituye windows alert
2014-02-28 01:40:19.778 Workshop[41101:80b] Multi-tasking -> Device: YES, App: YES
2014-02-28 01:40:19.789 Workshop[41101:80b] Unlimited access to network resources
2014-02-28 01:40:20.060 Workshop[41101:80b] Resetting plugins due to page load.
2014-02-28 01:40:20.155 Workshop[41101:80b] Finished load of: file:///Users/dvilchez/Library/Application%20Support/iPhone%20Simulator/7.0.3/Applications/4E2C7B4A-B011-47EB-B481-DA1C26A2BA6E/Workshop.app/www/index.html
2014-02-28 01:40:22.440 Workshop[41101:80b] THREAD WARNING: ['Notification'] took '19.363037' ms. Plugin should use a background thread.
2014-02-28 01:40:22.452 Workshop[41101:80b] sustituye windows alert
2014-02-28 01:40:24.934 Workshop[41101:80b] THREAD WARNING: ['Notification'] took '10.463135' ms. Plugin should use a background thread.
2014-02-28 01:40:24.941 Workshop[41101:80b] sustituye windows alert
2014-02-28 01:40:27.498 Workshop[41101:80b] THREAD WARNING: ['Notification'] took '10.285889' ms. Plugin should use a background thread.
2014-02-28 01:40:27.506 Workshop[41101:80b] sustituye windows alert
2014-03-01 13:36:27.461 Workshop[43442:80b] Multi-tasking -> Device: YES, App: YES
2014-03-01 13:36:27.546 Workshop[43442:80b] Unlimited access to network resources
2014-03-01 13:36:30.074 Workshop[43442:80b] Resetting plugins due to page load.
2014-03-01 13:36:31.083 Workshop[43442:80b] Finished load of: file:///Users/dvilchez/Library/Application%20Support/iPhone%20Simulator/7.0.3/Applications/4E2C7B4A-B011-47EB-B481-DA1C26A2BA6E/Workshop.app/www/index.html
2014-03-01 13:39:46.387 Workshop[43733:80b] Multi-tasking -> Device: YES, App: YES
2014-03-01 13:39:46.401 Workshop[43733:80b] Unlimited access to network resources
2014-03-01 13:39:46.649 Workshop[43733:80b] Resetting plugins due to page load.
2014-03-01 13:39:46.916 Workshop[43733:80b] Finished load of: file:///Users/dvilchez/Library/Application%20Support/iPhone%20Simulator/7.0.3/Applications/4E2C7B4A-B011-47EB-B481-DA1C26A2BA6E/Workshop.app/www/index.html
2014-03-01 13:40:27.088 Workshop[43938:80b] Multi-tasking -> Device: YES, App: YES
2014-03-01 13:40:27.100 Workshop[43938:80b] Unlimited access to network resources
2014-03-01 13:40:27.380 Workshop[43938:80b] Resetting plugins due to page load.
2014-03-01 13:40:27.590 Workshop[43938:80b] Finished load of: file:///Users/dvilchez/Library/Application%20Support/iPhone%20Simulator/7.0.3/Applications/4E2C7B4A-B011-47EB-B481-DA1C26A2BA6E/Workshop.app/www/index.html
